"blank"			"=========================="
"blank"			"#Valve_Movement_Title"
"blank"			"=========================="
"+forward"		"#Valve_Move_Forward"
"+back"			"#Valve_Move_Back"
"+moveleft"		"#Valve_Move_Left"
"+moveright"		"#Valve_Move_Right"
"dota_camera_center"	"#DOTA_CenterUnit"
"dota_cycle_selected"	"#DOTA_TabUnit"
"blank"			"=========================="
"blank"			"#Valve_Combat_Title"
"blank"			"=========================="
"mc_attack"		"#DOTA_AttackMove"
"dota_hold"		"#DOTA_UnitHold"
"dota_ability_execute 0"	"#DOTA_ExecuteAbility1"
"dota_ability_execute 1"	"#DOTA_ExecuteAbility2"
"dota_ability_execute 2"	"#DOTA_ExecuteAbility3"
"dota_ability_execute 3"	"#DOTA_ExecuteAbility4"
"blank"			"=========================="
"blank"			"#Valve_Communication_Title"
"blank"			"=========================="
"+voicerecord"		"#Valve_Use_Voice_Communication"
"say"			"#Valve_Chat_Message"
"say_team"		"#Valve_Team_Message"
"blank"			"=========================="
"blank"			"#Valve_Miscellaneous_Title"
"blank"			"=========================="
"jpeg"			"#Valve_Take_Screen_Shot"
"quit"			"#Valve_Quit_Game"


